{"C:\\Users\\shins\\mydev\\front\\jest\\my-test\\my-module.js": {"path":"C:\\Users\\shins\\mydev\\front\\jest\\my-test\\my-module.js","statementMap":{"0":{"start":{"line":2,"column":2},"end":{"line":2,"column":14}},"1":{"start":{"line":6,"column":2},"end":{"line":6,"column":14}},"2":{"start":{"line":10,"column":2},"end":{"line":10,"column":14}},"3":{"start":{"line":14,"column":2},"end":{"line":14,"column":14}},"4":{"start":{"line":18,"column":2},"end":{"line":18,"column":14}},"5":{"start":{"line":22,"column":2},"end":{"line":22,"column":14}},"6":{"start":{"line":26,"column":2},"end":{"line":28,"column":3}},"7":{"start":{"line":27,"column":4},"end":{"line":27,"column":18}},"8":{"start":{"line":31,"column":0},"end":{"line":37,"column":1}}},"fnMap":{"0":{"name":"sum","decl":{"start":{"line":1,"column":10},"end":{"line":1,"column":13}},"loc":{"start":{"line":1,"column":20},"end":{"line":3,"column":1}},"line":1},"1":{"name":"sum2","decl":{"start":{"line":5,"column":9},"end":{"line":5,"column":13}},"loc":{"start":{"line":5,"column":20},"end":{"line":7,"column":1}},"line":5},"2":{"name":"sum3","decl":{"start":{"line":9,"column":9},"end":{"line":9,"column":13}},"loc":{"start":{"line":9,"column":20},"end":{"line":11,"column":1}},"line":9},"3":{"name":"sum4","decl":{"start":{"line":13,"column":9},"end":{"line":13,"column":13}},"loc":{"start":{"line":13,"column":20},"end":{"line":15,"column":1}},"line":13},"4":{"name":"sub","decl":{"start":{"line":17,"column":9},"end":{"line":17,"column":12}},"loc":{"start":{"line":17,"column":19},"end":{"line":19,"column":1}},"line":17},"5":{"name":"multi","decl":{"start":{"line":21,"column":9},"end":{"line":21,"column":14}},"loc":{"start":{"line":21,"column":21},"end":{"line":23,"column":1}},"line":21},"6":{"name":"forEach","decl":{"start":{"line":25,"column":9},"end":{"line":25,"column":16}},"loc":{"start":{"line":25,"column":34},"end":{"line":29,"column":1}},"line":25}},"branchMap":{},"s":{"0":1,"1":0,"2":0,"3":0,"4":1,"5":2,"6":1,"7":2,"8":1},"f":{"0":1,"1":0,"2":0,"3":0,"4":1,"5":2,"6":1},"b":{},"_coverageSchema":"1a1c01bbd47fc00a2c39e90264f33305004495a9","hash":"8f19e295c2ba7b7d797de6ddcae5629976e90432"}
}
